CRITICAL - 2024-06-19 02:56:06 --> ErrorException: Undefined array key "image_path"
[Method: GET, Route: collection]
in APPPATH\Views\pages\collection.php on line 74.
 1 APPPATH\Views\pages\collection.php(74): CodeIgniter\Debug\Exceptions->errorHandler(2, 'Undefined array key "image_path"', 'C:\\xampp\\htdocs\\igniter4\\app\\Views\\pages\\collection.php', 74)
 2 SYSTEMPATH\View\View.php(234): include('C:\\xampp\\htdocs\\igniter4\\app\\Views\\pages\\collection.php')
 3 SYSTEMPATH\View\View.php(237): CodeIgniter\View\View->CodeIgniter\View\{closure}()
 4 SYSTEMPATH\Common.php(1171): CodeIgniter\View\View->render('pages/collection', [], true)
 5 APPPATH\Controllers\CollectionController.php(21): view('pages/collection', [...])
 6 SYSTEMPATH\CodeIgniter.php(933): App\Controllers\CollectionController->index()
 7 SYSTEMPATH\CodeIgniter.php(509): CodeIgniter\CodeIgniter->runController(Object(App\Controllers\CollectionController))
 8 SYSTEMPATH\CodeIgniter.php(355): CodeIgniter\CodeIgniter->handleRequest(null, Object(Config\Cache), false)
 9 SYSTEMPATH\Boot.php(312): CodeIgniter\CodeIgniter->run()
10 SYSTEMPATH\Boot.php(67): CodeIgniter\Boot::runCodeIgniter(Object(CodeIgniter\CodeIgniter))
11 FCPATH\index.php(56): CodeIgniter\Boot::bootWeb(Object(Config\Paths))
CRITICAL - 2024-06-19 02:57:24 --> ErrorException: Undefined array key "image_path"
[Method: GET, Route: collection]
in APPPATH\Views\pages\collection.php on line 74.
 1 APPPATH\Views\pages\collection.php(74): CodeIgniter\Debug\Exceptions->errorHandler(2, 'Undefined array key "image_path"', 'C:\\xampp\\htdocs\\igniter4\\app\\Views\\pages\\collection.php', 74)
 2 SYSTEMPATH\View\View.php(234): include('C:\\xampp\\htdocs\\igniter4\\app\\Views\\pages\\collection.php')
 3 SYSTEMPATH\View\View.php(237): CodeIgniter\View\View->CodeIgniter\View\{closure}()
 4 SYSTEMPATH\Common.php(1171): CodeIgniter\View\View->render('pages/collection', [], true)
 5 APPPATH\Controllers\CollectionController.php(21): view('pages/collection', [...])
 6 SYSTEMPATH\CodeIgniter.php(933): App\Controllers\CollectionController->index()
 7 SYSTEMPATH\CodeIgniter.php(509): CodeIgniter\CodeIgniter->runController(Object(App\Controllers\CollectionController))
 8 SYSTEMPATH\CodeIgniter.php(355): CodeIgniter\CodeIgniter->handleRequest(null, Object(Config\Cache), false)
 9 SYSTEMPATH\Boot.php(312): CodeIgniter\CodeIgniter->run()
10 SYSTEMPATH\Boot.php(67): CodeIgniter\Boot::runCodeIgniter(Object(CodeIgniter\CodeIgniter))
11 FCPATH\index.php(56): CodeIgniter\Boot::bootWeb(Object(Config\Paths))
CRITICAL - 2024-06-19 02:59:24 --> ErrorException: Undefined array key "image_path"
[Method: GET, Route: collection]
in APPPATH\Views\pages\collection.php on line 74.
 1 APPPATH\Views\pages\collection.php(74): CodeIgniter\Debug\Exceptions->errorHandler(2, 'Undefined array key "image_path"', 'C:\\xampp\\htdocs\\igniter4\\app\\Views\\pages\\collection.php', 74)
 2 SYSTEMPATH\View\View.php(234): include('C:\\xampp\\htdocs\\igniter4\\app\\Views\\pages\\collection.php')
 3 SYSTEMPATH\View\View.php(237): CodeIgniter\View\View->CodeIgniter\View\{closure}()
 4 SYSTEMPATH\Common.php(1171): CodeIgniter\View\View->render('pages/collection', [], true)
 5 APPPATH\Controllers\CollectionController.php(21): view('pages/collection', [...])
 6 SYSTEMPATH\CodeIgniter.php(933): App\Controllers\CollectionController->index()
 7 SYSTEMPATH\CodeIgniter.php(509): CodeIgniter\CodeIgniter->runController(Object(App\Controllers\CollectionController))
 8 SYSTEMPATH\CodeIgniter.php(355): CodeIgniter\CodeIgniter->handleRequest(null, Object(Config\Cache), false)
 9 SYSTEMPATH\Boot.php(312): CodeIgniter\CodeIgniter->run()
10 SYSTEMPATH\Boot.php(67): CodeIgniter\Boot::runCodeIgniter(Object(CodeIgniter\CodeIgniter))
11 FCPATH\index.php(56): CodeIgniter\Boot::bootWeb(Object(Config\Paths))
CRITICAL - 2024-06-19 03:01:46 --> ErrorException: Undefined array key "image_path"
[Method: GET, Route: collection]
in APPPATH\Views\pages\collection.php on line 74.
 1 APPPATH\Views\pages\collection.php(74): CodeIgniter\Debug\Exceptions->errorHandler(2, 'Undefined array key "image_path"', 'C:\\xampp\\htdocs\\igniter4\\app\\Views\\pages\\collection.php', 74)
 2 SYSTEMPATH\View\View.php(234): include('C:\\xampp\\htdocs\\igniter4\\app\\Views\\pages\\collection.php')
 3 SYSTEMPATH\View\View.php(237): CodeIgniter\View\View->CodeIgniter\View\{closure}()
 4 SYSTEMPATH\Common.php(1171): CodeIgniter\View\View->render('pages/collection', [], true)
 5 APPPATH\Controllers\CollectionController.php(21): view('pages/collection', [...])
 6 SYSTEMPATH\CodeIgniter.php(933): App\Controllers\CollectionController->index()
 7 SYSTEMPATH\CodeIgniter.php(509): CodeIgniter\CodeIgniter->runController(Object(App\Controllers\CollectionController))
 8 SYSTEMPATH\CodeIgniter.php(355): CodeIgniter\CodeIgniter->handleRequest(null, Object(Config\Cache), false)
 9 SYSTEMPATH\Boot.php(312): CodeIgniter\CodeIgniter->run()
10 SYSTEMPATH\Boot.php(67): CodeIgniter\Boot::runCodeIgniter(Object(CodeIgniter\CodeIgniter))
11 FCPATH\index.php(56): CodeIgniter\Boot::bootWeb(Object(Config\Paths))
CRITICAL - 2024-06-19 03:04:24 --> ErrorException: Undefined array key "image_path"
[Method: GET, Route: collection]
in APPPATH\Views\pages\collection.php on line 74.
 1 APPPATH\Views\pages\collection.php(74): CodeIgniter\Debug\Exceptions->errorHandler(2, 'Undefined array key "image_path"', 'C:\\xampp\\htdocs\\igniter4\\app\\Views\\pages\\collection.php', 74)
 2 SYSTEMPATH\View\View.php(234): include('C:\\xampp\\htdocs\\igniter4\\app\\Views\\pages\\collection.php')
 3 SYSTEMPATH\View\View.php(237): CodeIgniter\View\View->CodeIgniter\View\{closure}()
 4 SYSTEMPATH\Common.php(1171): CodeIgniter\View\View->render('pages/collection', [], true)
 5 APPPATH\Controllers\CollectionController.php(21): view('pages/collection', [...])
 6 SYSTEMPATH\CodeIgniter.php(933): App\Controllers\CollectionController->index()
 7 SYSTEMPATH\CodeIgniter.php(509): CodeIgniter\CodeIgniter->runController(Object(App\Controllers\CollectionController))
 8 SYSTEMPATH\CodeIgniter.php(355): CodeIgniter\CodeIgniter->handleRequest(null, Object(Config\Cache), false)
 9 SYSTEMPATH\Boot.php(312): CodeIgniter\CodeIgniter->run()
10 SYSTEMPATH\Boot.php(67): CodeIgniter\Boot::runCodeIgniter(Object(CodeIgniter\CodeIgniter))
11 FCPATH\index.php(56): CodeIgniter\Boot::bootWeb(Object(Config\Paths))
