ERROR - 2024-06-10 01:51:39 --> mysqli_sql_exception: Unknown column 'image_path' in 'field list' in C:\xampp\htdocs\igniter4\system\Database\MySQLi\Connection.php:308
Stack trace:
#0 C:\xampp\htdocs\igniter4\system\Database\MySQLi\Connection.php(308): mysqli->query('INSERT INTO `ga...', 0)
#1 C:\xampp\htdocs\igniter4\system\Database\BaseConnection.php(722): CodeIgniter\Database\MySQLi\Connection->execute('INSERT INTO `ga...')
#2 C:\xampp\htdocs\igniter4\system\Database\BaseConnection.php(636): CodeIgniter\Database\BaseConnection->simpleQuery('INSERT INTO `ga...')
#3 C:\xampp\htdocs\igniter4\system\Database\BaseBuilder.php(2325): CodeIgniter\Database\BaseConnection->query('INSERT INTO `ga...', Array, false)
#4 C:\xampp\htdocs\igniter4\system\Model.php(383): CodeIgniter\Database\BaseBuilder->insert()
#5 C:\xampp\htdocs\igniter4\system\BaseModel.php(840): CodeIgniter\Model->doInsert(Array)
#6 C:\xampp\htdocs\igniter4\system\Model.php(791): CodeIgniter\BaseModel->insert(Array, false)
#7 C:\xampp\htdocs\igniter4\system\BaseModel.php(751): CodeIgniter\Model->insert(Array, false)
#8 C:\xampp\htdocs\igniter4\app\Controllers\GameController.php(51): CodeIgniter\BaseModel->save(Array)
#9 C:\xampp\htdocs\igniter4\system\CodeIgniter.php(933): App\Controllers\GameController->store()
#10 C:\xampp\htdocs\igniter4\system\CodeIgniter.php(509): CodeIgniter\CodeIgniter->runController(Object(App\Controllers\GameController))
#11 C:\xampp\htdocs\igniter4\system\CodeIgniter.php(355): CodeIgniter\CodeIgniter->handleRequest(NULL, Object(Config\Cache), false)
#12 C:\xampp\htdocs\igniter4\system\Boot.php(312): CodeIgniter\CodeIgniter->run()
#13 C:\xampp\htdocs\igniter4\system\Boot.php(67): CodeIgniter\Boot::runCodeIgniter(Object(CodeIgniter\CodeIgniter))
#14 C:\xampp\htdocs\igniter4\public\index.php(56): CodeIgniter\Boot::bootWeb(Object(Config\Paths))
#15 {main}
CRITICAL - 2024-06-10 01:51:39 --> CodeIgniter\Database\Exceptions\DatabaseException: Unknown column 'image_path' in 'field list'
[Method: POST, Route: games/store]
in SYSTEMPATH\Database\BaseConnection.php on line 676.
 1 SYSTEMPATH\Database\BaseBuilder.php(2325): CodeIgniter\Database\BaseConnection->query('INSERT INTO `games` (`title`, `description`, `category_id`, `image_path`) VALUES (:title:, :description:, :category_id:, :image_path:)', [...], false)
 2 SYSTEMPATH\Model.php(383): CodeIgniter\Database\BaseBuilder->insert()
 3 SYSTEMPATH\BaseModel.php(840): CodeIgniter\Model->doInsert([...])
 4 SYSTEMPATH\Model.php(791): CodeIgniter\BaseModel->insert([...], false)
 5 SYSTEMPATH\BaseModel.php(751): CodeIgniter\Model->insert([...], false)
 6 APPPATH\Controllers\GameController.php(51): CodeIgniter\BaseModel->save([...])
 7 SYSTEMPATH\CodeIgniter.php(933): App\Controllers\GameController->store()
 8 SYSTEMPATH\CodeIgniter.php(509): CodeIgniter\CodeIgniter->runController(Object(App\Controllers\GameController))
 9 SYSTEMPATH\CodeIgniter.php(355): CodeIgniter\CodeIgniter->handleRequest(null, Object(Config\Cache), false)
10 SYSTEMPATH\Boot.php(312): CodeIgniter\CodeIgniter->run()
11 SYSTEMPATH\Boot.php(67): CodeIgniter\Boot::runCodeIgniter(Object(CodeIgniter\CodeIgniter))
12 FCPATH\index.php(56): CodeIgniter\Boot::bootWeb(Object(Config\Paths))
CRITICAL - 2024-06-10 01:51:39 --> [Caused by] CodeIgniter\Database\Exceptions\DatabaseException: Unknown column 'image_path' in 'field list'
in SYSTEMPATH\Database\MySQLi\Connection.php on line 313.
 1 SYSTEMPATH\Database\BaseConnection.php(722): CodeIgniter\Database\MySQLi\Connection->execute('INSERT INTO `games` (`title`, `description`, `category_id`, `image_path`) VALUES (\'smt v vengeance\', \'ok\', \'3\', \'uploads/images/1717984299_86f598b09c5ee8fb73d8.jpg\')')
 2 SYSTEMPATH\Database\BaseConnection.php(636): CodeIgniter\Database\BaseConnection->simpleQuery('INSERT INTO `games` (`title`, `description`, `category_id`, `image_path`) VALUES (\'smt v vengeance\', \'ok\', \'3\', \'uploads/images/1717984299_86f598b09c5ee8fb73d8.jpg\')')
 3 SYSTEMPATH\Database\BaseBuilder.php(2325): CodeIgniter\Database\BaseConnection->query('INSERT INTO `games` (`title`, `description`, `category_id`, `image_path`) VALUES (:title:, :description:, :category_id:, :image_path:)', [...], false)
 4 SYSTEMPATH\Model.php(383): CodeIgniter\Database\BaseBuilder->insert()
 5 SYSTEMPATH\BaseModel.php(840): CodeIgniter\Model->doInsert([...])
 6 SYSTEMPATH\Model.php(791): CodeIgniter\BaseModel->insert([...], false)
 7 SYSTEMPATH\BaseModel.php(751): CodeIgniter\Model->insert([...], false)
 8 APPPATH\Controllers\GameController.php(51): CodeIgniter\BaseModel->save([...])
 9 SYSTEMPATH\CodeIgniter.php(933): App\Controllers\GameController->store()
10 SYSTEMPATH\CodeIgniter.php(509): CodeIgniter\CodeIgniter->runController(Object(App\Controllers\GameController))
11 SYSTEMPATH\CodeIgniter.php(355): CodeIgniter\CodeIgniter->handleRequest(null, Object(Config\Cache), false)
12 SYSTEMPATH\Boot.php(312): CodeIgniter\CodeIgniter->run()
13 SYSTEMPATH\Boot.php(67): CodeIgniter\Boot::runCodeIgniter(Object(CodeIgniter\CodeIgniter))
14 FCPATH\index.php(56): CodeIgniter\Boot::bootWeb(Object(Config\Paths))
CRITICAL - 2024-06-10 01:51:39 --> [Caused by] mysqli_sql_exception: Unknown column 'image_path' in 'field list'
in SYSTEMPATH\Database\MySQLi\Connection.php on line 308.
 1 SYSTEMPATH\Database\MySQLi\Connection.php(308): mysqli->query('INSERT INTO `games` (`title`, `description`, `category_id`, `image_path`) VALUES (\'smt v vengeance\', \'ok\', \'3\', \'uploads/images/1717984299_86f598b09c5ee8fb73d8.jpg\')', 0)
 2 SYSTEMPATH\Database\BaseConnection.php(722): CodeIgniter\Database\MySQLi\Connection->execute('INSERT INTO `games` (`title`, `description`, `category_id`, `image_path`) VALUES (\'smt v vengeance\', \'ok\', \'3\', \'uploads/images/1717984299_86f598b09c5ee8fb73d8.jpg\')')
 3 SYSTEMPATH\Database\BaseConnection.php(636): CodeIgniter\Database\BaseConnection->simpleQuery('INSERT INTO `games` (`title`, `description`, `category_id`, `image_path`) VALUES (\'smt v vengeance\', \'ok\', \'3\', \'uploads/images/1717984299_86f598b09c5ee8fb73d8.jpg\')')
 4 SYSTEMPATH\Database\BaseBuilder.php(2325): CodeIgniter\Database\BaseConnection->query('INSERT INTO `games` (`title`, `description`, `category_id`, `image_path`) VALUES (:title:, :description:, :category_id:, :image_path:)', [...], false)
 5 SYSTEMPATH\Model.php(383): CodeIgniter\Database\BaseBuilder->insert()
 6 SYSTEMPATH\BaseModel.php(840): CodeIgniter\Model->doInsert([...])
 7 SYSTEMPATH\Model.php(791): CodeIgniter\BaseModel->insert([...], false)
 8 SYSTEMPATH\BaseModel.php(751): CodeIgniter\Model->insert([...], false)
 9 APPPATH\Controllers\GameController.php(51): CodeIgniter\BaseModel->save([...])
10 SYSTEMPATH\CodeIgniter.php(933): App\Controllers\GameController->store()
11 SYSTEMPATH\CodeIgniter.php(509): CodeIgniter\CodeIgniter->runController(Object(App\Controllers\GameController))
12 SYSTEMPATH\CodeIgniter.php(355): CodeIgniter\CodeIgniter->handleRequest(null, Object(Config\Cache), false)
13 SYSTEMPATH\Boot.php(312): CodeIgniter\CodeIgniter->run()
14 SYSTEMPATH\Boot.php(67): CodeIgniter\Boot::runCodeIgniter(Object(CodeIgniter\CodeIgniter))
15 FCPATH\index.php(56): CodeIgniter\Boot::bootWeb(Object(Config\Paths))
CRITICAL - 2024-06-10 02:10:26 --> ErrorException: Undefined array key "category"
[Method: GET, Route: collection]
in APPPATH\Views\pages\collection.php on line 35.
 1 APPPATH\Views\pages\collection.php(35): CodeIgniter\Debug\Exceptions->errorHandler(2, 'Undefined array key "category"', 'C:\\xampp\\htdocs\\igniter4\\app\\Views\\pages\\collection.php', 35)
 2 SYSTEMPATH\View\View.php(234): include('C:\\xampp\\htdocs\\igniter4\\app\\Views\\pages\\collection.php')
 3 SYSTEMPATH\View\View.php(237): CodeIgniter\View\View->CodeIgniter\View\{closure}()
 4 SYSTEMPATH\Common.php(1171): CodeIgniter\View\View->render('pages/collection', [], true)
 5 APPPATH\Controllers\CollectionController.php(21): view('pages/collection', [...])
 6 SYSTEMPATH\CodeIgniter.php(933): App\Controllers\CollectionController->index()
 7 SYSTEMPATH\CodeIgniter.php(509): CodeIgniter\CodeIgniter->runController(Object(App\Controllers\CollectionController))
 8 SYSTEMPATH\CodeIgniter.php(355): CodeIgniter\CodeIgniter->handleRequest(null, Object(Config\Cache), false)
 9 SYSTEMPATH\Boot.php(312): CodeIgniter\CodeIgniter->run()
10 SYSTEMPATH\Boot.php(67): CodeIgniter\Boot::runCodeIgniter(Object(CodeIgniter\CodeIgniter))
11 FCPATH\index.php(56): CodeIgniter\Boot::bootWeb(Object(Config\Paths))
ERROR - 2024-06-10 02:15:26 --> mysqli_sql_exception: Duplicate column name 'image' in C:\xampp\htdocs\igniter4\system\Database\MySQLi\Connection.php:308
Stack trace:
#0 C:\xampp\htdocs\igniter4\system\Database\MySQLi\Connection.php(308): mysqli->query('ALTER TABLE `ga...', 0)
#1 C:\xampp\htdocs\igniter4\system\Database\BaseConnection.php(722): CodeIgniter\Database\MySQLi\Connection->execute('ALTER TABLE `ga...')
#2 C:\xampp\htdocs\igniter4\system\Database\BaseConnection.php(636): CodeIgniter\Database\BaseConnection->simpleQuery('ALTER TABLE `ga...')
#3 C:\xampp\htdocs\igniter4\system\Database\Forge.php(772): CodeIgniter\Database\BaseConnection->query('ALTER TABLE `ga...')
#4 C:\xampp\htdocs\igniter4\app\Database\Migrations\2024-06-10-021417_AddImageToGames.php(19): CodeIgniter\Database\Forge->addColumn('games', Array)
#5 C:\xampp\htdocs\igniter4\system\Database\MigrationRunner.php(867): App\Database\Migrations\AddImageToGames->up()
#6 C:\xampp\htdocs\igniter4\system\Database\MigrationRunner.php(183): CodeIgniter\Database\MigrationRunner->migrate('up', Object(stdClass))
#7 C:\xampp\htdocs\igniter4\system\Commands\Database\Migrate.php(85): CodeIgniter\Database\MigrationRunner->latest(NULL)
#8 C:\xampp\htdocs\igniter4\system\CLI\Commands.php(70): CodeIgniter\Commands\Database\Migrate->run(Array)
#9 C:\xampp\htdocs\igniter4\system\CLI\Console.php(48): CodeIgniter\CLI\Commands->run('migrate', Array)
#10 C:\xampp\htdocs\igniter4\system\Boot.php(338): CodeIgniter\CLI\Console->run()
#11 C:\xampp\htdocs\igniter4\system\Boot.php(104): CodeIgniter\Boot::runCommand(Object(CodeIgniter\CLI\Console))
#12 C:\xampp\htdocs\igniter4\spark(84): CodeIgniter\Boot::bootSpark(Object(Config\Paths))
#13 {main}
CRITICAL - 2024-06-10 02:19:02 --> ErrorException: Undefined array key "category"
[Method: GET, Route: collection]
in APPPATH\Views\pages\collection.php on line 35.
 1 APPPATH\Views\pages\collection.php(35): CodeIgniter\Debug\Exceptions->errorHandler(2, 'Undefined array key "category"', 'C:\\xampp\\htdocs\\igniter4\\app\\Views\\pages\\collection.php', 35)
 2 SYSTEMPATH\View\View.php(234): include('C:\\xampp\\htdocs\\igniter4\\app\\Views\\pages\\collection.php')
 3 SYSTEMPATH\View\View.php(237): CodeIgniter\View\View->CodeIgniter\View\{closure}()
 4 SYSTEMPATH\Common.php(1171): CodeIgniter\View\View->render('pages/collection', [], true)
 5 APPPATH\Controllers\CollectionController.php(21): view('pages/collection', [...])
 6 SYSTEMPATH\CodeIgniter.php(933): App\Controllers\CollectionController->index()
 7 SYSTEMPATH\CodeIgniter.php(509): CodeIgniter\CodeIgniter->runController(Object(App\Controllers\CollectionController))
 8 SYSTEMPATH\CodeIgniter.php(355): CodeIgniter\CodeIgniter->handleRequest(null, Object(Config\Cache), false)
 9 SYSTEMPATH\Boot.php(312): CodeIgniter\CodeIgniter->run()
10 SYSTEMPATH\Boot.php(67): CodeIgniter\Boot::runCodeIgniter(Object(CodeIgniter\CodeIgniter))
11 FCPATH\index.php(56): CodeIgniter\Boot::bootWeb(Object(Config\Paths))
CRITICAL - 2024-06-10 02:21:02 --> ErrorException: Undefined array key "category"
[Method: GET, Route: collection]
in APPPATH\Views\pages\collection.php on line 35.
 1 APPPATH\Views\pages\collection.php(35): CodeIgniter\Debug\Exceptions->errorHandler(2, 'Undefined array key "category"', 'C:\\xampp\\htdocs\\igniter4\\app\\Views\\pages\\collection.php', 35)
 2 SYSTEMPATH\View\View.php(234): include('C:\\xampp\\htdocs\\igniter4\\app\\Views\\pages\\collection.php')
 3 SYSTEMPATH\View\View.php(237): CodeIgniter\View\View->CodeIgniter\View\{closure}()
 4 SYSTEMPATH\Common.php(1171): CodeIgniter\View\View->render('pages/collection', [], true)
 5 APPPATH\Controllers\CollectionController.php(21): view('pages/collection', [...])
 6 SYSTEMPATH\CodeIgniter.php(933): App\Controllers\CollectionController->index()
 7 SYSTEMPATH\CodeIgniter.php(509): CodeIgniter\CodeIgniter->runController(Object(App\Controllers\CollectionController))
 8 SYSTEMPATH\CodeIgniter.php(355): CodeIgniter\CodeIgniter->handleRequest(null, Object(Config\Cache), false)
 9 SYSTEMPATH\Boot.php(312): CodeIgniter\CodeIgniter->run()
10 SYSTEMPATH\Boot.php(67): CodeIgniter\Boot::runCodeIgniter(Object(CodeIgniter\CodeIgniter))
11 FCPATH\index.php(56): CodeIgniter\Boot::bootWeb(Object(Config\Paths))
CRITICAL - 2024-06-10 02:22:59 --> ErrorException: Undefined array key "category"
[Method: GET, Route: collection]
in APPPATH\Views\pages\collection.php on line 35.
 1 APPPATH\Views\pages\collection.php(35): CodeIgniter\Debug\Exceptions->errorHandler(2, 'Undefined array key "category"', 'C:\\xampp\\htdocs\\igniter4\\app\\Views\\pages\\collection.php', 35)
 2 SYSTEMPATH\View\View.php(234): include('C:\\xampp\\htdocs\\igniter4\\app\\Views\\pages\\collection.php')
 3 SYSTEMPATH\View\View.php(237): CodeIgniter\View\View->CodeIgniter\View\{closure}()
 4 SYSTEMPATH\Common.php(1171): CodeIgniter\View\View->render('pages/collection', [], true)
 5 APPPATH\Controllers\CollectionController.php(21): view('pages/collection', [...])
 6 SYSTEMPATH\CodeIgniter.php(933): App\Controllers\CollectionController->index()
 7 SYSTEMPATH\CodeIgniter.php(509): CodeIgniter\CodeIgniter->runController(Object(App\Controllers\CollectionController))
 8 SYSTEMPATH\CodeIgniter.php(355): CodeIgniter\CodeIgniter->handleRequest(null, Object(Config\Cache), false)
 9 SYSTEMPATH\Boot.php(312): CodeIgniter\CodeIgniter->run()
10 SYSTEMPATH\Boot.php(67): CodeIgniter\Boot::runCodeIgniter(Object(CodeIgniter\CodeIgniter))
11 FCPATH\index.php(56): CodeIgniter\Boot::bootWeb(Object(Config\Paths))
CRITICAL - 2024-06-10 02:23:06 --> ErrorException: Undefined array key "category"
[Method: GET, Route: collection]
in APPPATH\Views\pages\collection.php on line 35.
 1 APPPATH\Views\pages\collection.php(35): CodeIgniter\Debug\Exceptions->errorHandler(2, 'Undefined array key "category"', 'C:\\xampp\\htdocs\\igniter4\\app\\Views\\pages\\collection.php', 35)
 2 SYSTEMPATH\View\View.php(234): include('C:\\xampp\\htdocs\\igniter4\\app\\Views\\pages\\collection.php')
 3 SYSTEMPATH\View\View.php(237): CodeIgniter\View\View->CodeIgniter\View\{closure}()
 4 SYSTEMPATH\Common.php(1171): CodeIgniter\View\View->render('pages/collection', [], true)
 5 APPPATH\Controllers\CollectionController.php(21): view('pages/collection', [...])
 6 SYSTEMPATH\CodeIgniter.php(933): App\Controllers\CollectionController->index()
 7 SYSTEMPATH\CodeIgniter.php(509): CodeIgniter\CodeIgniter->runController(Object(App\Controllers\CollectionController))
 8 SYSTEMPATH\CodeIgniter.php(355): CodeIgniter\CodeIgniter->handleRequest(null, Object(Config\Cache), false)
 9 SYSTEMPATH\Boot.php(312): CodeIgniter\CodeIgniter->run()
10 SYSTEMPATH\Boot.php(67): CodeIgniter\Boot::runCodeIgniter(Object(CodeIgniter\CodeIgniter))
11 FCPATH\index.php(56): CodeIgniter\Boot::bootWeb(Object(Config\Paths))
CRITICAL - 2024-06-10 02:25:08 --> ErrorException: Undefined array key "category"
[Method: GET, Route: collection]
in APPPATH\Views\pages\collection.php on line 35.
 1 APPPATH\Views\pages\collection.php(35): CodeIgniter\Debug\Exceptions->errorHandler(2, 'Undefined array key "category"', 'C:\\xampp\\htdocs\\igniter4\\app\\Views\\pages\\collection.php', 35)
 2 SYSTEMPATH\View\View.php(234): include('C:\\xampp\\htdocs\\igniter4\\app\\Views\\pages\\collection.php')
 3 SYSTEMPATH\View\View.php(237): CodeIgniter\View\View->CodeIgniter\View\{closure}()
 4 SYSTEMPATH\Common.php(1171): CodeIgniter\View\View->render('pages/collection', [], true)
 5 APPPATH\Controllers\CollectionController.php(21): view('pages/collection', [...])
 6 SYSTEMPATH\CodeIgniter.php(933): App\Controllers\CollectionController->index()
 7 SYSTEMPATH\CodeIgniter.php(509): CodeIgniter\CodeIgniter->runController(Object(App\Controllers\CollectionController))
 8 SYSTEMPATH\CodeIgniter.php(355): CodeIgniter\CodeIgniter->handleRequest(null, Object(Config\Cache), false)
 9 SYSTEMPATH\Boot.php(312): CodeIgniter\CodeIgniter->run()
10 SYSTEMPATH\Boot.php(67): CodeIgniter\Boot::runCodeIgniter(Object(CodeIgniter\CodeIgniter))
11 FCPATH\index.php(56): CodeIgniter\Boot::bootWeb(Object(Config\Paths))
CRITICAL - 2024-06-10 02:29:47 --> ErrorException: Undefined array key "category"
[Method: GET, Route: collection]
in APPPATH\Views\pages\collection.php on line 35.
 1 APPPATH\Views\pages\collection.php(35): CodeIgniter\Debug\Exceptions->errorHandler(2, 'Undefined array key "category"', 'C:\\xampp\\htdocs\\igniter4\\app\\Views\\pages\\collection.php', 35)
 2 SYSTEMPATH\View\View.php(234): include('C:\\xampp\\htdocs\\igniter4\\app\\Views\\pages\\collection.php')
 3 SYSTEMPATH\View\View.php(237): CodeIgniter\View\View->CodeIgniter\View\{closure}()
 4 SYSTEMPATH\Common.php(1171): CodeIgniter\View\View->render('pages/collection', [], true)
 5 APPPATH\Controllers\CollectionController.php(21): view('pages/collection', [...])
 6 SYSTEMPATH\CodeIgniter.php(933): App\Controllers\CollectionController->index()
 7 SYSTEMPATH\CodeIgniter.php(509): CodeIgniter\CodeIgniter->runController(Object(App\Controllers\CollectionController))
 8 SYSTEMPATH\CodeIgniter.php(355): CodeIgniter\CodeIgniter->handleRequest(null, Object(Config\Cache), false)
 9 SYSTEMPATH\Boot.php(312): CodeIgniter\CodeIgniter->run()
10 SYSTEMPATH\Boot.php(67): CodeIgniter\Boot::runCodeIgniter(Object(CodeIgniter\CodeIgniter))
11 FCPATH\index.php(56): CodeIgniter\Boot::bootWeb(Object(Config\Paths))
CRITICAL - 2024-06-10 02:30:12 --> ErrorException: Undefined array key "category"
[Method: GET, Route: collection]
in APPPATH\Views\pages\collection.php on line 35.
 1 APPPATH\Views\pages\collection.php(35): CodeIgniter\Debug\Exceptions->errorHandler(2, 'Undefined array key "category"', 'C:\\xampp\\htdocs\\igniter4\\app\\Views\\pages\\collection.php', 35)
 2 SYSTEMPATH\View\View.php(234): include('C:\\xampp\\htdocs\\igniter4\\app\\Views\\pages\\collection.php')
 3 SYSTEMPATH\View\View.php(237): CodeIgniter\View\View->CodeIgniter\View\{closure}()
 4 SYSTEMPATH\Common.php(1171): CodeIgniter\View\View->render('pages/collection', [], true)
 5 APPPATH\Controllers\CollectionController.php(21): view('pages/collection', [...])
 6 SYSTEMPATH\CodeIgniter.php(933): App\Controllers\CollectionController->index()
 7 SYSTEMPATH\CodeIgniter.php(509): CodeIgniter\CodeIgniter->runController(Object(App\Controllers\CollectionController))
 8 SYSTEMPATH\CodeIgniter.php(355): CodeIgniter\CodeIgniter->handleRequest(null, Object(Config\Cache), false)
 9 SYSTEMPATH\Boot.php(312): CodeIgniter\CodeIgniter->run()
10 SYSTEMPATH\Boot.php(67): CodeIgniter\Boot::runCodeIgniter(Object(CodeIgniter\CodeIgniter))
11 FCPATH\index.php(56): CodeIgniter\Boot::bootWeb(Object(Config\Paths))
CRITICAL - 2024-06-10 02:30:17 --> ErrorException: Undefined array key "category"
[Method: GET, Route: collection]
in APPPATH\Views\pages\collection.php on line 35.
 1 APPPATH\Views\pages\collection.php(35): CodeIgniter\Debug\Exceptions->errorHandler(2, 'Undefined array key "category"', 'C:\\xampp\\htdocs\\igniter4\\app\\Views\\pages\\collection.php', 35)
 2 SYSTEMPATH\View\View.php(234): include('C:\\xampp\\htdocs\\igniter4\\app\\Views\\pages\\collection.php')
 3 SYSTEMPATH\View\View.php(237): CodeIgniter\View\View->CodeIgniter\View\{closure}()
 4 SYSTEMPATH\Common.php(1171): CodeIgniter\View\View->render('pages/collection', [], true)
 5 APPPATH\Controllers\CollectionController.php(21): view('pages/collection', [...])
 6 SYSTEMPATH\CodeIgniter.php(933): App\Controllers\CollectionController->index()
 7 SYSTEMPATH\CodeIgniter.php(509): CodeIgniter\CodeIgniter->runController(Object(App\Controllers\CollectionController))
 8 SYSTEMPATH\CodeIgniter.php(355): CodeIgniter\CodeIgniter->handleRequest(null, Object(Config\Cache), false)
 9 SYSTEMPATH\Boot.php(312): CodeIgniter\CodeIgniter->run()
10 SYSTEMPATH\Boot.php(67): CodeIgniter\Boot::runCodeIgniter(Object(CodeIgniter\CodeIgniter))
11 FCPATH\index.php(56): CodeIgniter\Boot::bootWeb(Object(Config\Paths))
CRITICAL - 2024-06-10 02:34:16 --> ErrorException: Undefined array key "category"
[Method: GET, Route: collection]
in APPPATH\Views\pages\collection.php on line 35.
 1 APPPATH\Views\pages\collection.php(35): CodeIgniter\Debug\Exceptions->errorHandler(2, 'Undefined array key "category"', 'C:\\xampp\\htdocs\\igniter4\\app\\Views\\pages\\collection.php', 35)
 2 SYSTEMPATH\View\View.php(234): include('C:\\xampp\\htdocs\\igniter4\\app\\Views\\pages\\collection.php')
 3 SYSTEMPATH\View\View.php(237): CodeIgniter\View\View->CodeIgniter\View\{closure}()
 4 SYSTEMPATH\Common.php(1171): CodeIgniter\View\View->render('pages/collection', [], true)
 5 APPPATH\Controllers\CollectionController.php(21): view('pages/collection', [...])
 6 SYSTEMPATH\CodeIgniter.php(933): App\Controllers\CollectionController->index()
 7 SYSTEMPATH\CodeIgniter.php(509): CodeIgniter\CodeIgniter->runController(Object(App\Controllers\CollectionController))
 8 SYSTEMPATH\CodeIgniter.php(355): CodeIgniter\CodeIgniter->handleRequest(null, Object(Config\Cache), false)
 9 SYSTEMPATH\Boot.php(312): CodeIgniter\CodeIgniter->run()
10 SYSTEMPATH\Boot.php(67): CodeIgniter\Boot::runCodeIgniter(Object(CodeIgniter\CodeIgniter))
11 FCPATH\index.php(56): CodeIgniter\Boot::bootWeb(Object(Config\Paths))
CRITICAL - 2024-06-10 02:34:27 --> ErrorException: Undefined array key "category"
[Method: GET, Route: collection]
in APPPATH\Views\pages\collection.php on line 35.
 1 APPPATH\Views\pages\collection.php(35): CodeIgniter\Debug\Exceptions->errorHandler(2, 'Undefined array key "category"', 'C:\\xampp\\htdocs\\igniter4\\app\\Views\\pages\\collection.php', 35)
 2 SYSTEMPATH\View\View.php(234): include('C:\\xampp\\htdocs\\igniter4\\app\\Views\\pages\\collection.php')
 3 SYSTEMPATH\View\View.php(237): CodeIgniter\View\View->CodeIgniter\View\{closure}()
 4 SYSTEMPATH\Common.php(1171): CodeIgniter\View\View->render('pages/collection', [], true)
 5 APPPATH\Controllers\CollectionController.php(21): view('pages/collection', [...])
 6 SYSTEMPATH\CodeIgniter.php(933): App\Controllers\CollectionController->index()
 7 SYSTEMPATH\CodeIgniter.php(509): CodeIgniter\CodeIgniter->runController(Object(App\Controllers\CollectionController))
 8 SYSTEMPATH\CodeIgniter.php(355): CodeIgniter\CodeIgniter->handleRequest(null, Object(Config\Cache), false)
 9 SYSTEMPATH\Boot.php(312): CodeIgniter\CodeIgniter->run()
10 SYSTEMPATH\Boot.php(67): CodeIgniter\Boot::runCodeIgniter(Object(CodeIgniter\CodeIgniter))
11 FCPATH\index.php(56): CodeIgniter\Boot::bootWeb(Object(Config\Paths))
CRITICAL - 2024-06-10 02:38:04 --> ErrorException: Undefined array key "category"
[Method: GET, Route: collection]
in APPPATH\Views\pages\collection.php on line 35.
 1 APPPATH\Views\pages\collection.php(35): CodeIgniter\Debug\Exceptions->errorHandler(2, 'Undefined array key "category"', 'C:\\xampp\\htdocs\\igniter4\\app\\Views\\pages\\collection.php', 35)
 2 SYSTEMPATH\View\View.php(234): include('C:\\xampp\\htdocs\\igniter4\\app\\Views\\pages\\collection.php')
 3 SYSTEMPATH\View\View.php(237): CodeIgniter\View\View->CodeIgniter\View\{closure}()
 4 SYSTEMPATH\Common.php(1171): CodeIgniter\View\View->render('pages/collection', [], true)
 5 APPPATH\Controllers\CollectionController.php(21): view('pages/collection', [...])
 6 SYSTEMPATH\CodeIgniter.php(933): App\Controllers\CollectionController->index()
 7 SYSTEMPATH\CodeIgniter.php(509): CodeIgniter\CodeIgniter->runController(Object(App\Controllers\CollectionController))
 8 SYSTEMPATH\CodeIgniter.php(355): CodeIgniter\CodeIgniter->handleRequest(null, Object(Config\Cache), false)
 9 SYSTEMPATH\Boot.php(312): CodeIgniter\CodeIgniter->run()
10 SYSTEMPATH\Boot.php(67): CodeIgniter\Boot::runCodeIgniter(Object(CodeIgniter\CodeIgniter))
11 FCPATH\index.php(56): CodeIgniter\Boot::bootWeb(Object(Config\Paths))
