ERROR - 2024-06-15 01:16:30 --> Error connecting to the database: mysqli_sql_exception: No connection could be made because the target machine actively refused it in C:\xampp\htdocs\igniter4\system\Database\MySQLi\Connection.php:186
Stack trace:
#0 C:\xampp\htdocs\igniter4\system\Database\MySQLi\Connection.php(186): mysqli->real_connect('localhost', 'root', Object(SensitiveParameterValue), 'db_pemweb', 3306, '', 0)
#1 C:\xampp\htdocs\igniter4\system\Database\BaseConnection.php(421): CodeIgniter\Database\MySQLi\Connection->connect(false)
#2 C:\xampp\htdocs\igniter4\system\Database\BaseConnection.php(604): CodeIgniter\Database\BaseConnection->initialize()
#3 C:\xampp\htdocs\igniter4\system\Database\BaseConnection.php(1471): CodeIgniter\Database\BaseConnection->query('SHOW TABLES FRO...')
#4 C:\xampp\htdocs\igniter4\system\Database\BaseConnection.php(1490): CodeIgniter\Database\BaseConnection->listTables()
#5 C:\xampp\htdocs\igniter4\system\Database\MigrationRunner.php(759): CodeIgniter\Database\BaseConnection->tableExists('migrations')
#6 C:\xampp\htdocs\igniter4\system\Database\MigrationRunner.php(163): CodeIgniter\Database\MigrationRunner->ensureTable()
#7 C:\xampp\htdocs\igniter4\system\Commands\Database\Migrate.php(85): CodeIgniter\Database\MigrationRunner->latest(NULL)
#8 C:\xampp\htdocs\igniter4\system\CLI\Commands.php(70): CodeIgniter\Commands\Database\Migrate->run(Array)
#9 C:\xampp\htdocs\igniter4\system\CLI\Console.php(48): CodeIgniter\CLI\Commands->run('migrate', Array)
#10 C:\xampp\htdocs\igniter4\system\Boot.php(338): CodeIgniter\CLI\Console->run()
#11 C:\xampp\htdocs\igniter4\system\Boot.php(104): CodeIgniter\Boot::runCommand(Object(CodeIgniter\CLI\Console))
#12 C:\xampp\htdocs\igniter4\spark(84): CodeIgniter\Boot::bootSpark(Object(Config\Paths))
#13 {main}

Next CodeIgniter\Database\Exceptions\DatabaseException: No connection could be made because the target machine actively refused it in C:\xampp\htdocs\igniter4\system\Database\MySQLi\Connection.php:231
Stack trace:
#0 C:\xampp\htdocs\igniter4\system\Database\BaseConnection.php(421): CodeIgniter\Database\MySQLi\Connection->connect(false)
#1 C:\xampp\htdocs\igniter4\system\Database\BaseConnection.php(604): CodeIgniter\Database\BaseConnection->initialize()
#2 C:\xampp\htdocs\igniter4\system\Database\BaseConnection.php(1471): CodeIgniter\Database\BaseConnection->query('SHOW TABLES FRO...')
#3 C:\xampp\htdocs\igniter4\system\Database\BaseConnection.php(1490): CodeIgniter\Database\BaseConnection->listTables()
#4 C:\xampp\htdocs\igniter4\system\Database\MigrationRunner.php(759): CodeIgniter\Database\BaseConnection->tableExists('migrations')
#5 C:\xampp\htdocs\igniter4\system\Database\MigrationRunner.php(163): CodeIgniter\Database\MigrationRunner->ensureTable()
#6 C:\xampp\htdocs\igniter4\system\Commands\Database\Migrate.php(85): CodeIgniter\Database\MigrationRunner->latest(NULL)
#7 C:\xampp\htdocs\igniter4\system\CLI\Commands.php(70): CodeIgniter\Commands\Database\Migrate->run(Array)
#8 C:\xampp\htdocs\igniter4\system\CLI\Console.php(48): CodeIgniter\CLI\Commands->run('migrate', Array)
#9 C:\xampp\htdocs\igniter4\system\Boot.php(338): CodeIgniter\CLI\Console->run()
#10 C:\xampp\htdocs\igniter4\system\Boot.php(104): CodeIgniter\Boot::runCommand(Object(CodeIgniter\CLI\Console))
#11 C:\xampp\htdocs\igniter4\spark(84): CodeIgniter\Boot::bootSpark(Object(Config\Paths))
#12 {main}
ERROR - 2024-06-15 01:26:32 --> mysqli_sql_exception: Unknown column 'updated_at' in 'field list' in C:\xampp\htdocs\igniter4\system\Database\MySQLi\Connection.php:308
Stack trace:
#0 C:\xampp\htdocs\igniter4\system\Database\MySQLi\Connection.php(308): mysqli->query('INSERT INTO `ga...', 0)
#1 C:\xampp\htdocs\igniter4\system\Database\BaseConnection.php(722): CodeIgniter\Database\MySQLi\Connection->execute('INSERT INTO `ga...')
#2 C:\xampp\htdocs\igniter4\system\Database\BaseConnection.php(636): CodeIgniter\Database\BaseConnection->simpleQuery('INSERT INTO `ga...')
#3 C:\xampp\htdocs\igniter4\system\Database\BaseBuilder.php(2325): CodeIgniter\Database\BaseConnection->query('INSERT INTO `ga...', Array, false)
#4 C:\xampp\htdocs\igniter4\system\Model.php(383): CodeIgniter\Database\BaseBuilder->insert()
#5 C:\xampp\htdocs\igniter4\system\BaseModel.php(840): CodeIgniter\Model->doInsert(Array)
#6 C:\xampp\htdocs\igniter4\system\Model.php(791): CodeIgniter\BaseModel->insert(Array, true)
#7 C:\xampp\htdocs\igniter4\app\Controllers\GameController.php(59): CodeIgniter\Model->insert(Array)
#8 C:\xampp\htdocs\igniter4\system\CodeIgniter.php(933): App\Controllers\GameController->store()
#9 C:\xampp\htdocs\igniter4\system\CodeIgniter.php(509): CodeIgniter\CodeIgniter->runController(Object(App\Controllers\GameController))
#10 C:\xampp\htdocs\igniter4\system\CodeIgniter.php(355): CodeIgniter\CodeIgniter->handleRequest(NULL, Object(Config\Cache), false)
#11 C:\xampp\htdocs\igniter4\system\Boot.php(312): CodeIgniter\CodeIgniter->run()
#12 C:\xampp\htdocs\igniter4\system\Boot.php(67): CodeIgniter\Boot::runCodeIgniter(Object(CodeIgniter\CodeIgniter))
#13 C:\xampp\htdocs\igniter4\public\index.php(56): CodeIgniter\Boot::bootWeb(Object(Config\Paths))
#14 {main}
CRITICAL - 2024-06-15 01:26:32 --> CodeIgniter\Database\Exceptions\DatabaseException: Unknown column 'updated_at' in 'field list'
[Method: POST, Route: games/store]
in SYSTEMPATH\Database\BaseConnection.php on line 676.
 1 SYSTEMPATH\Database\BaseBuilder.php(2325): CodeIgniter\Database\BaseConnection->query('INSERT INTO `games` (`title`, `description`, `category_id`, `image`, `created_at`, `updated_at`) VALUES (:title:, :description:, :category_id:, :image:, :created_at:, :updated_at:)', [...], false)
 2 SYSTEMPATH\Model.php(383): CodeIgniter\Database\BaseBuilder->insert()
 3 SYSTEMPATH\BaseModel.php(840): CodeIgniter\Model->doInsert([...])
 4 SYSTEMPATH\Model.php(791): CodeIgniter\BaseModel->insert([...], true)
 5 APPPATH\Controllers\GameController.php(59): CodeIgniter\Model->insert([...])
 6 SYSTEMPATH\CodeIgniter.php(933): App\Controllers\GameController->store()
 7 SYSTEMPATH\CodeIgniter.php(509): CodeIgniter\CodeIgniter->runController(Object(App\Controllers\GameController))
 8 SYSTEMPATH\CodeIgniter.php(355): CodeIgniter\CodeIgniter->handleRequest(null, Object(Config\Cache), false)
 9 SYSTEMPATH\Boot.php(312): CodeIgniter\CodeIgniter->run()
10 SYSTEMPATH\Boot.php(67): CodeIgniter\Boot::runCodeIgniter(Object(CodeIgniter\CodeIgniter))
11 FCPATH\index.php(56): CodeIgniter\Boot::bootWeb(Object(Config\Paths))
CRITICAL - 2024-06-15 01:26:32 --> [Caused by] CodeIgniter\Database\Exceptions\DatabaseException: Unknown column 'updated_at' in 'field list'
in SYSTEMPATH\Database\MySQLi\Connection.php on line 313.
 1 SYSTEMPATH\Database\BaseConnection.php(722): CodeIgniter\Database\MySQLi\Connection->execute('INSERT INTO `games` (`title`, `description`, `category_id`, `image`, `created_at`, `updated_at`) VALUES (\'smt v vengeance\', \'smt series\', \'3\', \'1718414792_b88cbaf9098d79e2fc93.jpg\', \'15-Jun-2024 01:26:32\', \'15-Jun-2024 01:26:32\')')
 2 SYSTEMPATH\Database\BaseConnection.php(636): CodeIgniter\Database\BaseConnection->simpleQuery('INSERT INTO `games` (`title`, `description`, `category_id`, `image`, `created_at`, `updated_at`) VALUES (\'smt v vengeance\', \'smt series\', \'3\', \'1718414792_b88cbaf9098d79e2fc93.jpg\', \'15-Jun-2024 01:26:32\', \'15-Jun-2024 01:26:32\')')
 3 SYSTEMPATH\Database\BaseBuilder.php(2325): CodeIgniter\Database\BaseConnection->query('INSERT INTO `games` (`title`, `description`, `category_id`, `image`, `created_at`, `updated_at`) VALUES (:title:, :description:, :category_id:, :image:, :created_at:, :updated_at:)', [...], false)
 4 SYSTEMPATH\Model.php(383): CodeIgniter\Database\BaseBuilder->insert()
 5 SYSTEMPATH\BaseModel.php(840): CodeIgniter\Model->doInsert([...])
 6 SYSTEMPATH\Model.php(791): CodeIgniter\BaseModel->insert([...], true)
 7 APPPATH\Controllers\GameController.php(59): CodeIgniter\Model->insert([...])
 8 SYSTEMPATH\CodeIgniter.php(933): App\Controllers\GameController->store()
 9 SYSTEMPATH\CodeIgniter.php(509): CodeIgniter\CodeIgniter->runController(Object(App\Controllers\GameController))
10 SYSTEMPATH\CodeIgniter.php(355): CodeIgniter\CodeIgniter->handleRequest(null, Object(Config\Cache), false)
11 SYSTEMPATH\Boot.php(312): CodeIgniter\CodeIgniter->run()
12 SYSTEMPATH\Boot.php(67): CodeIgniter\Boot::runCodeIgniter(Object(CodeIgniter\CodeIgniter))
13 FCPATH\index.php(56): CodeIgniter\Boot::bootWeb(Object(Config\Paths))
CRITICAL - 2024-06-15 01:26:32 --> [Caused by] mysqli_sql_exception: Unknown column 'updated_at' in 'field list'
in SYSTEMPATH\Database\MySQLi\Connection.php on line 308.
 1 SYSTEMPATH\Database\MySQLi\Connection.php(308): mysqli->query('INSERT INTO `games` (`title`, `description`, `category_id`, `image`, `created_at`, `updated_at`) VALUES (\'smt v vengeance\', \'smt series\', \'3\', \'1718414792_b88cbaf9098d79e2fc93.jpg\', \'15-Jun-2024 01:26:32\', \'15-Jun-2024 01:26:32\')', 0)
 2 SYSTEMPATH\Database\BaseConnection.php(722): CodeIgniter\Database\MySQLi\Connection->execute('INSERT INTO `games` (`title`, `description`, `category_id`, `image`, `created_at`, `updated_at`) VALUES (\'smt v vengeance\', \'smt series\', \'3\', \'1718414792_b88cbaf9098d79e2fc93.jpg\', \'15-Jun-2024 01:26:32\', \'15-Jun-2024 01:26:32\')')
 3 SYSTEMPATH\Database\BaseConnection.php(636): CodeIgniter\Database\BaseConnection->simpleQuery('INSERT INTO `games` (`title`, `description`, `category_id`, `image`, `created_at`, `updated_at`) VALUES (\'smt v vengeance\', \'smt series\', \'3\', \'1718414792_b88cbaf9098d79e2fc93.jpg\', \'15-Jun-2024 01:26:32\', \'15-Jun-2024 01:26:32\')')
 4 SYSTEMPATH\Database\BaseBuilder.php(2325): CodeIgniter\Database\BaseConnection->query('INSERT INTO `games` (`title`, `description`, `category_id`, `image`, `created_at`, `updated_at`) VALUES (:title:, :description:, :category_id:, :image:, :created_at:, :updated_at:)', [...], false)
 5 SYSTEMPATH\Model.php(383): CodeIgniter\Database\BaseBuilder->insert()
 6 SYSTEMPATH\BaseModel.php(840): CodeIgniter\Model->doInsert([...])
 7 SYSTEMPATH\Model.php(791): CodeIgniter\BaseModel->insert([...], true)
 8 APPPATH\Controllers\GameController.php(59): CodeIgniter\Model->insert([...])
 9 SYSTEMPATH\CodeIgniter.php(933): App\Controllers\GameController->store()
10 SYSTEMPATH\CodeIgniter.php(509): CodeIgniter\CodeIgniter->runController(Object(App\Controllers\GameController))
11 SYSTEMPATH\CodeIgniter.php(355): CodeIgniter\CodeIgniter->handleRequest(null, Object(Config\Cache), false)
12 SYSTEMPATH\Boot.php(312): CodeIgniter\CodeIgniter->run()
13 SYSTEMPATH\Boot.php(67): CodeIgniter\Boot::runCodeIgniter(Object(CodeIgniter\CodeIgniter))
14 FCPATH\index.php(56): CodeIgniter\Boot::bootWeb(Object(Config\Paths))
ERROR - 2024-06-15 01:32:15 --> mysqli_sql_exception: Unknown column 'updated_at' in 'field list' in C:\xampp\htdocs\igniter4\system\Database\MySQLi\Connection.php:308
Stack trace:
#0 C:\xampp\htdocs\igniter4\system\Database\MySQLi\Connection.php(308): mysqli->query('INSERT INTO `ga...', 0)
#1 C:\xampp\htdocs\igniter4\system\Database\BaseConnection.php(722): CodeIgniter\Database\MySQLi\Connection->execute('INSERT INTO `ga...')
#2 C:\xampp\htdocs\igniter4\system\Database\BaseConnection.php(636): CodeIgniter\Database\BaseConnection->simpleQuery('INSERT INTO `ga...')
#3 C:\xampp\htdocs\igniter4\system\Database\BaseBuilder.php(2325): CodeIgniter\Database\BaseConnection->query('INSERT INTO `ga...', Array, false)
#4 C:\xampp\htdocs\igniter4\system\Model.php(383): CodeIgniter\Database\BaseBuilder->insert()
#5 C:\xampp\htdocs\igniter4\system\BaseModel.php(840): CodeIgniter\Model->doInsert(Array)
#6 C:\xampp\htdocs\igniter4\system\Model.php(791): CodeIgniter\BaseModel->insert(Array, true)
#7 C:\xampp\htdocs\igniter4\app\Controllers\GameController.php(59): CodeIgniter\Model->insert(Array)
#8 C:\xampp\htdocs\igniter4\system\CodeIgniter.php(933): App\Controllers\GameController->store()
#9 C:\xampp\htdocs\igniter4\system\CodeIgniter.php(509): CodeIgniter\CodeIgniter->runController(Object(App\Controllers\GameController))
#10 C:\xampp\htdocs\igniter4\system\CodeIgniter.php(355): CodeIgniter\CodeIgniter->handleRequest(NULL, Object(Config\Cache), false)
#11 C:\xampp\htdocs\igniter4\system\Boot.php(312): CodeIgniter\CodeIgniter->run()
#12 C:\xampp\htdocs\igniter4\system\Boot.php(67): CodeIgniter\Boot::runCodeIgniter(Object(CodeIgniter\CodeIgniter))
#13 C:\xampp\htdocs\igniter4\public\index.php(56): CodeIgniter\Boot::bootWeb(Object(Config\Paths))
#14 {main}
CRITICAL - 2024-06-15 01:32:15 --> CodeIgniter\Database\Exceptions\DatabaseException: Unknown column 'updated_at' in 'field list'
[Method: POST, Route: games/store]
in SYSTEMPATH\Database\BaseConnection.php on line 676.
 1 SYSTEMPATH\Database\BaseBuilder.php(2325): CodeIgniter\Database\BaseConnection->query('INSERT INTO `games` (`title`, `description`, `category_id`, `image`, `created_at`, `updated_at`) VALUES (:title:, :description:, :category_id:, :image:, :created_at:, :updated_at:)', [...], false)
 2 SYSTEMPATH\Model.php(383): CodeIgniter\Database\BaseBuilder->insert()
 3 SYSTEMPATH\BaseModel.php(840): CodeIgniter\Model->doInsert([...])
 4 SYSTEMPATH\Model.php(791): CodeIgniter\BaseModel->insert([...], true)
 5 APPPATH\Controllers\GameController.php(59): CodeIgniter\Model->insert([...])
 6 SYSTEMPATH\CodeIgniter.php(933): App\Controllers\GameController->store()
 7 SYSTEMPATH\CodeIgniter.php(509): CodeIgniter\CodeIgniter->runController(Object(App\Controllers\GameController))
 8 SYSTEMPATH\CodeIgniter.php(355): CodeIgniter\CodeIgniter->handleRequest(null, Object(Config\Cache), false)
 9 SYSTEMPATH\Boot.php(312): CodeIgniter\CodeIgniter->run()
10 SYSTEMPATH\Boot.php(67): CodeIgniter\Boot::runCodeIgniter(Object(CodeIgniter\CodeIgniter))
11 FCPATH\index.php(56): CodeIgniter\Boot::bootWeb(Object(Config\Paths))
CRITICAL - 2024-06-15 01:32:15 --> [Caused by] CodeIgniter\Database\Exceptions\DatabaseException: Unknown column 'updated_at' in 'field list'
in SYSTEMPATH\Database\MySQLi\Connection.php on line 313.
 1 SYSTEMPATH\Database\BaseConnection.php(722): CodeIgniter\Database\MySQLi\Connection->execute('INSERT INTO `games` (`title`, `description`, `category_id`, `image`, `created_at`, `updated_at`) VALUES (\'smt v vengeance\', \'smt series\', \'3\', \'1718415135_5dc712e54cb5a1fcea92.jpg\', \'15-Jun-2024 01:32:15\', \'15-Jun-2024 01:32:15\')')
 2 SYSTEMPATH\Database\BaseConnection.php(636): CodeIgniter\Database\BaseConnection->simpleQuery('INSERT INTO `games` (`title`, `description`, `category_id`, `image`, `created_at`, `updated_at`) VALUES (\'smt v vengeance\', \'smt series\', \'3\', \'1718415135_5dc712e54cb5a1fcea92.jpg\', \'15-Jun-2024 01:32:15\', \'15-Jun-2024 01:32:15\')')
 3 SYSTEMPATH\Database\BaseBuilder.php(2325): CodeIgniter\Database\BaseConnection->query('INSERT INTO `games` (`title`, `description`, `category_id`, `image`, `created_at`, `updated_at`) VALUES (:title:, :description:, :category_id:, :image:, :created_at:, :updated_at:)', [...], false)
 4 SYSTEMPATH\Model.php(383): CodeIgniter\Database\BaseBuilder->insert()
 5 SYSTEMPATH\BaseModel.php(840): CodeIgniter\Model->doInsert([...])
 6 SYSTEMPATH\Model.php(791): CodeIgniter\BaseModel->insert([...], true)
 7 APPPATH\Controllers\GameController.php(59): CodeIgniter\Model->insert([...])
 8 SYSTEMPATH\CodeIgniter.php(933): App\Controllers\GameController->store()
 9 SYSTEMPATH\CodeIgniter.php(509): CodeIgniter\CodeIgniter->runController(Object(App\Controllers\GameController))
10 SYSTEMPATH\CodeIgniter.php(355): CodeIgniter\CodeIgniter->handleRequest(null, Object(Config\Cache), false)
11 SYSTEMPATH\Boot.php(312): CodeIgniter\CodeIgniter->run()
12 SYSTEMPATH\Boot.php(67): CodeIgniter\Boot::runCodeIgniter(Object(CodeIgniter\CodeIgniter))
13 FCPATH\index.php(56): CodeIgniter\Boot::bootWeb(Object(Config\Paths))
CRITICAL - 2024-06-15 01:32:15 --> [Caused by] mysqli_sql_exception: Unknown column 'updated_at' in 'field list'
in SYSTEMPATH\Database\MySQLi\Connection.php on line 308.
 1 SYSTEMPATH\Database\MySQLi\Connection.php(308): mysqli->query('INSERT INTO `games` (`title`, `description`, `category_id`, `image`, `created_at`, `updated_at`) VALUES (\'smt v vengeance\', \'smt series\', \'3\', \'1718415135_5dc712e54cb5a1fcea92.jpg\', \'15-Jun-2024 01:32:15\', \'15-Jun-2024 01:32:15\')', 0)
 2 SYSTEMPATH\Database\BaseConnection.php(722): CodeIgniter\Database\MySQLi\Connection->execute('INSERT INTO `games` (`title`, `description`, `category_id`, `image`, `created_at`, `updated_at`) VALUES (\'smt v vengeance\', \'smt series\', \'3\', \'1718415135_5dc712e54cb5a1fcea92.jpg\', \'15-Jun-2024 01:32:15\', \'15-Jun-2024 01:32:15\')')
 3 SYSTEMPATH\Database\BaseConnection.php(636): CodeIgniter\Database\BaseConnection->simpleQuery('INSERT INTO `games` (`title`, `description`, `category_id`, `image`, `created_at`, `updated_at`) VALUES (\'smt v vengeance\', \'smt series\', \'3\', \'1718415135_5dc712e54cb5a1fcea92.jpg\', \'15-Jun-2024 01:32:15\', \'15-Jun-2024 01:32:15\')')
 4 SYSTEMPATH\Database\BaseBuilder.php(2325): CodeIgniter\Database\BaseConnection->query('INSERT INTO `games` (`title`, `description`, `category_id`, `image`, `created_at`, `updated_at`) VALUES (:title:, :description:, :category_id:, :image:, :created_at:, :updated_at:)', [...], false)
 5 SYSTEMPATH\Model.php(383): CodeIgniter\Database\BaseBuilder->insert()
 6 SYSTEMPATH\BaseModel.php(840): CodeIgniter\Model->doInsert([...])
 7 SYSTEMPATH\Model.php(791): CodeIgniter\BaseModel->insert([...], true)
 8 APPPATH\Controllers\GameController.php(59): CodeIgniter\Model->insert([...])
 9 SYSTEMPATH\CodeIgniter.php(933): App\Controllers\GameController->store()
10 SYSTEMPATH\CodeIgniter.php(509): CodeIgniter\CodeIgniter->runController(Object(App\Controllers\GameController))
11 SYSTEMPATH\CodeIgniter.php(355): CodeIgniter\CodeIgniter->handleRequest(null, Object(Config\Cache), false)
12 SYSTEMPATH\Boot.php(312): CodeIgniter\CodeIgniter->run()
13 SYSTEMPATH\Boot.php(67): CodeIgniter\Boot::runCodeIgniter(Object(CodeIgniter\CodeIgniter))
14 FCPATH\index.php(56): CodeIgniter\Boot::bootWeb(Object(Config\Paths))
ERROR - 2024-06-15 01:32:51 --> mysqli_sql_exception: You have an error in your SQL syntax; check the manual that corresponds to your MariaDB server version for the right syntax to use near ') VALUES ('smt v vengeance', 'saSA', '3', '1718415171_f4f1a56da493f605d5ad.jp...' at line 1 in C:\xampp\htdocs\igniter4\system\Database\MySQLi\Connection.php:308
Stack trace:
#0 C:\xampp\htdocs\igniter4\system\Database\MySQLi\Connection.php(308): mysqli->query('INSERT INTO `ga...', 0)
#1 C:\xampp\htdocs\igniter4\system\Database\BaseConnection.php(722): CodeIgniter\Database\MySQLi\Connection->execute('INSERT INTO `ga...')
#2 C:\xampp\htdocs\igniter4\system\Database\BaseConnection.php(636): CodeIgniter\Database\BaseConnection->simpleQuery('INSERT INTO `ga...')
#3 C:\xampp\htdocs\igniter4\system\Database\BaseBuilder.php(2325): CodeIgniter\Database\BaseConnection->query('INSERT INTO `ga...', Array, false)
#4 C:\xampp\htdocs\igniter4\system\Model.php(383): CodeIgniter\Database\BaseBuilder->insert()
#5 C:\xampp\htdocs\igniter4\system\BaseModel.php(840): CodeIgniter\Model->doInsert(Array)
#6 C:\xampp\htdocs\igniter4\system\Model.php(791): CodeIgniter\BaseModel->insert(Array, true)
#7 C:\xampp\htdocs\igniter4\app\Controllers\GameController.php(59): CodeIgniter\Model->insert(Array)
#8 C:\xampp\htdocs\igniter4\system\CodeIgniter.php(933): App\Controllers\GameController->store()
#9 C:\xampp\htdocs\igniter4\system\CodeIgniter.php(509): CodeIgniter\CodeIgniter->runController(Object(App\Controllers\GameController))
#10 C:\xampp\htdocs\igniter4\system\CodeIgniter.php(355): CodeIgniter\CodeIgniter->handleRequest(NULL, Object(Config\Cache), false)
#11 C:\xampp\htdocs\igniter4\system\Boot.php(312): CodeIgniter\CodeIgniter->run()
#12 C:\xampp\htdocs\igniter4\system\Boot.php(67): CodeIgniter\Boot::runCodeIgniter(Object(CodeIgniter\CodeIgniter))
#13 C:\xampp\htdocs\igniter4\public\index.php(56): CodeIgniter\Boot::bootWeb(Object(Config\Paths))
#14 {main}
CRITICAL - 2024-06-15 01:32:51 --> CodeIgniter\Database\Exceptions\DatabaseException: You have an error in your SQL syntax; check the manual that corresponds to your MariaDB server version for the right syntax to use near ') VALUES ('smt v vengeance', 'saSA', '3', '1718415171_f4f1a56da493f605d5ad.jp...' at line 1
[Method: POST, Route: games/store]
in SYSTEMPATH\Database\BaseConnection.php on line 676.
 1 SYSTEMPATH\Database\BaseBuilder.php(2325): CodeIgniter\Database\BaseConnection->query('INSERT INTO `games` (`title`, `description`, `category_id`, `image`, `created_at`, ) VALUES (:title:, :description:, :category_id:, :image:, :created_at:, ::)', [...], false)
 2 SYSTEMPATH\Model.php(383): CodeIgniter\Database\BaseBuilder->insert()
 3 SYSTEMPATH\BaseModel.php(840): CodeIgniter\Model->doInsert([...])
 4 SYSTEMPATH\Model.php(791): CodeIgniter\BaseModel->insert([...], true)
 5 APPPATH\Controllers\GameController.php(59): CodeIgniter\Model->insert([...])
 6 SYSTEMPATH\CodeIgniter.php(933): App\Controllers\GameController->store()
 7 SYSTEMPATH\CodeIgniter.php(509): CodeIgniter\CodeIgniter->runController(Object(App\Controllers\GameController))
 8 SYSTEMPATH\CodeIgniter.php(355): CodeIgniter\CodeIgniter->handleRequest(null, Object(Config\Cache), false)
 9 SYSTEMPATH\Boot.php(312): CodeIgniter\CodeIgniter->run()
10 SYSTEMPATH\Boot.php(67): CodeIgniter\Boot::runCodeIgniter(Object(CodeIgniter\CodeIgniter))
11 FCPATH\index.php(56): CodeIgniter\Boot::bootWeb(Object(Config\Paths))
CRITICAL - 2024-06-15 01:32:51 --> [Caused by] CodeIgniter\Database\Exceptions\DatabaseException: You have an error in your SQL syntax; check the manual that corresponds to your MariaDB server version for the right syntax to use near ') VALUES ('smt v vengeance', 'saSA', '3', '1718415171_f4f1a56da493f605d5ad.jp...' at line 1
in SYSTEMPATH\Database\MySQLi\Connection.php on line 313.
 1 SYSTEMPATH\Database\BaseConnection.php(722): CodeIgniter\Database\MySQLi\Connection->execute('INSERT INTO `games` (`title`, `description`, `category_id`, `image`, `created_at`, ) VALUES (\'smt v vengeance\', \'saSA\', \'3\', \'1718415171_f4f1a56da493f605d5ad.jpg\', \'15-Jun-2024 01:32:51\', \'15-Jun-2024 01:32:51\')')
 2 SYSTEMPATH\Database\BaseConnection.php(636): CodeIgniter\Database\BaseConnection->simpleQuery('INSERT INTO `games` (`title`, `description`, `category_id`, `image`, `created_at`, ) VALUES (\'smt v vengeance\', \'saSA\', \'3\', \'1718415171_f4f1a56da493f605d5ad.jpg\', \'15-Jun-2024 01:32:51\', \'15-Jun-2024 01:32:51\')')
 3 SYSTEMPATH\Database\BaseBuilder.php(2325): CodeIgniter\Database\BaseConnection->query('INSERT INTO `games` (`title`, `description`, `category_id`, `image`, `created_at`, ) VALUES (:title:, :description:, :category_id:, :image:, :created_at:, ::)', [...], false)
 4 SYSTEMPATH\Model.php(383): CodeIgniter\Database\BaseBuilder->insert()
 5 SYSTEMPATH\BaseModel.php(840): CodeIgniter\Model->doInsert([...])
 6 SYSTEMPATH\Model.php(791): CodeIgniter\BaseModel->insert([...], true)
 7 APPPATH\Controllers\GameController.php(59): CodeIgniter\Model->insert([...])
 8 SYSTEMPATH\CodeIgniter.php(933): App\Controllers\GameController->store()
 9 SYSTEMPATH\CodeIgniter.php(509): CodeIgniter\CodeIgniter->runController(Object(App\Controllers\GameController))
10 SYSTEMPATH\CodeIgniter.php(355): CodeIgniter\CodeIgniter->handleRequest(null, Object(Config\Cache), false)
11 SYSTEMPATH\Boot.php(312): CodeIgniter\CodeIgniter->run()
12 SYSTEMPATH\Boot.php(67): CodeIgniter\Boot::runCodeIgniter(Object(CodeIgniter\CodeIgniter))
13 FCPATH\index.php(56): CodeIgniter\Boot::bootWeb(Object(Config\Paths))
CRITICAL - 2024-06-15 01:32:51 --> [Caused by] mysqli_sql_exception: You have an error in your SQL syntax; check the manual that corresponds to your MariaDB server version for the right syntax to use near ') VALUES ('smt v vengeance', 'saSA', '3', '1718415171_f4f1a56da493f605d5ad.jp...' at line 1
in SYSTEMPATH\Database\MySQLi\Connection.php on line 308.
 1 SYSTEMPATH\Database\MySQLi\Connection.php(308): mysqli->query('INSERT INTO `games` (`title`, `description`, `category_id`, `image`, `created_at`, ) VALUES (\'smt v vengeance\', \'saSA\', \'3\', \'1718415171_f4f1a56da493f605d5ad.jpg\', \'15-Jun-2024 01:32:51\', \'15-Jun-2024 01:32:51\')', 0)
 2 SYSTEMPATH\Database\BaseConnection.php(722): CodeIgniter\Database\MySQLi\Connection->execute('INSERT INTO `games` (`title`, `description`, `category_id`, `image`, `created_at`, ) VALUES (\'smt v vengeance\', \'saSA\', \'3\', \'1718415171_f4f1a56da493f605d5ad.jpg\', \'15-Jun-2024 01:32:51\', \'15-Jun-2024 01:32:51\')')
 3 SYSTEMPATH\Database\BaseConnection.php(636): CodeIgniter\Database\BaseConnection->simpleQuery('INSERT INTO `games` (`title`, `description`, `category_id`, `image`, `created_at`, ) VALUES (\'smt v vengeance\', \'saSA\', \'3\', \'1718415171_f4f1a56da493f605d5ad.jpg\', \'15-Jun-2024 01:32:51\', \'15-Jun-2024 01:32:51\')')
 4 SYSTEMPATH\Database\BaseBuilder.php(2325): CodeIgniter\Database\BaseConnection->query('INSERT INTO `games` (`title`, `description`, `category_id`, `image`, `created_at`, ) VALUES (:title:, :description:, :category_id:, :image:, :created_at:, ::)', [...], false)
 5 SYSTEMPATH\Model.php(383): CodeIgniter\Database\BaseBuilder->insert()
 6 SYSTEMPATH\BaseModel.php(840): CodeIgniter\Model->doInsert([...])
 7 SYSTEMPATH\Model.php(791): CodeIgniter\BaseModel->insert([...], true)
 8 APPPATH\Controllers\GameController.php(59): CodeIgniter\Model->insert([...])
 9 SYSTEMPATH\CodeIgniter.php(933): App\Controllers\GameController->store()
10 SYSTEMPATH\CodeIgniter.php(509): CodeIgniter\CodeIgniter->runController(Object(App\Controllers\GameController))
11 SYSTEMPATH\CodeIgniter.php(355): CodeIgniter\CodeIgniter->handleRequest(null, Object(Config\Cache), false)
12 SYSTEMPATH\Boot.php(312): CodeIgniter\CodeIgniter->run()
13 SYSTEMPATH\Boot.php(67): CodeIgniter\Boot::runCodeIgniter(Object(CodeIgniter\CodeIgniter))
14 FCPATH\index.php(56): CodeIgniter\Boot::bootWeb(Object(Config\Paths))
ERROR - 2024-06-15 01:34:42 --> mysqli_sql_exception: You have an error in your SQL syntax; check the manual that corresponds to your MariaDB server version for the right syntax to use near ') VALUES ('smt v vengeance', 'adsad', '3', '1718415282_948ac37673c62da01f07.j...' at line 1 in C:\xampp\htdocs\igniter4\system\Database\MySQLi\Connection.php:308
Stack trace:
#0 C:\xampp\htdocs\igniter4\system\Database\MySQLi\Connection.php(308): mysqli->query('INSERT INTO `ga...', 0)
#1 C:\xampp\htdocs\igniter4\system\Database\BaseConnection.php(722): CodeIgniter\Database\MySQLi\Connection->execute('INSERT INTO `ga...')
#2 C:\xampp\htdocs\igniter4\system\Database\BaseConnection.php(636): CodeIgniter\Database\BaseConnection->simpleQuery('INSERT INTO `ga...')
#3 C:\xampp\htdocs\igniter4\system\Database\BaseBuilder.php(2325): CodeIgniter\Database\BaseConnection->query('INSERT INTO `ga...', Array, false)
#4 C:\xampp\htdocs\igniter4\system\Model.php(383): CodeIgniter\Database\BaseBuilder->insert()
#5 C:\xampp\htdocs\igniter4\system\BaseModel.php(840): CodeIgniter\Model->doInsert(Array)
#6 C:\xampp\htdocs\igniter4\system\Model.php(791): CodeIgniter\BaseModel->insert(Array, true)
#7 C:\xampp\htdocs\igniter4\app\Controllers\GameController.php(59): CodeIgniter\Model->insert(Array)
#8 C:\xampp\htdocs\igniter4\system\CodeIgniter.php(933): App\Controllers\GameController->store()
#9 C:\xampp\htdocs\igniter4\system\CodeIgniter.php(509): CodeIgniter\CodeIgniter->runController(Object(App\Controllers\GameController))
#10 C:\xampp\htdocs\igniter4\system\CodeIgniter.php(355): CodeIgniter\CodeIgniter->handleRequest(NULL, Object(Config\Cache), false)
#11 C:\xampp\htdocs\igniter4\system\Boot.php(312): CodeIgniter\CodeIgniter->run()
#12 C:\xampp\htdocs\igniter4\system\Boot.php(67): CodeIgniter\Boot::runCodeIgniter(Object(CodeIgniter\CodeIgniter))
#13 C:\xampp\htdocs\igniter4\public\index.php(56): CodeIgniter\Boot::bootWeb(Object(Config\Paths))
#14 {main}
CRITICAL - 2024-06-15 01:34:42 --> CodeIgniter\Database\Exceptions\DatabaseException: You have an error in your SQL syntax; check the manual that corresponds to your MariaDB server version for the right syntax to use near ') VALUES ('smt v vengeance', 'adsad', '3', '1718415282_948ac37673c62da01f07.j...' at line 1
[Method: POST, Route: games/store]
in SYSTEMPATH\Database\BaseConnection.php on line 676.
 1 SYSTEMPATH\Database\BaseBuilder.php(2325): CodeIgniter\Database\BaseConnection->query('INSERT INTO `games` (`title`, `description`, `category_id`, `image`, `created_at`, ) VALUES (:title:, :description:, :category_id:, :image:, :created_at:, ::)', [...], false)
 2 SYSTEMPATH\Model.php(383): CodeIgniter\Database\BaseBuilder->insert()
 3 SYSTEMPATH\BaseModel.php(840): CodeIgniter\Model->doInsert([...])
 4 SYSTEMPATH\Model.php(791): CodeIgniter\BaseModel->insert([...], true)
 5 APPPATH\Controllers\GameController.php(59): CodeIgniter\Model->insert([...])
 6 SYSTEMPATH\CodeIgniter.php(933): App\Controllers\GameController->store()
 7 SYSTEMPATH\CodeIgniter.php(509): CodeIgniter\CodeIgniter->runController(Object(App\Controllers\GameController))
 8 SYSTEMPATH\CodeIgniter.php(355): CodeIgniter\CodeIgniter->handleRequest(null, Object(Config\Cache), false)
 9 SYSTEMPATH\Boot.php(312): CodeIgniter\CodeIgniter->run()
10 SYSTEMPATH\Boot.php(67): CodeIgniter\Boot::runCodeIgniter(Object(CodeIgniter\CodeIgniter))
11 FCPATH\index.php(56): CodeIgniter\Boot::bootWeb(Object(Config\Paths))
CRITICAL - 2024-06-15 01:34:42 --> [Caused by] CodeIgniter\Database\Exceptions\DatabaseException: You have an error in your SQL syntax; check the manual that corresponds to your MariaDB server version for the right syntax to use near ') VALUES ('smt v vengeance', 'adsad', '3', '1718415282_948ac37673c62da01f07.j...' at line 1
in SYSTEMPATH\Database\MySQLi\Connection.php on line 313.
 1 SYSTEMPATH\Database\BaseConnection.php(722): CodeIgniter\Database\MySQLi\Connection->execute('INSERT INTO `games` (`title`, `description`, `category_id`, `image`, `created_at`, ) VALUES (\'smt v vengeance\', \'adsad\', \'3\', \'1718415282_948ac37673c62da01f07.jpg\', \'15-Jun-2024 01:34:42\', \'15-Jun-2024 01:34:42\')')
 2 SYSTEMPATH\Database\BaseConnection.php(636): CodeIgniter\Database\BaseConnection->simpleQuery('INSERT INTO `games` (`title`, `description`, `category_id`, `image`, `created_at`, ) VALUES (\'smt v vengeance\', \'adsad\', \'3\', \'1718415282_948ac37673c62da01f07.jpg\', \'15-Jun-2024 01:34:42\', \'15-Jun-2024 01:34:42\')')
 3 SYSTEMPATH\Database\BaseBuilder.php(2325): CodeIgniter\Database\BaseConnection->query('INSERT INTO `games` (`title`, `description`, `category_id`, `image`, `created_at`, ) VALUES (:title:, :description:, :category_id:, :image:, :created_at:, ::)', [...], false)
 4 SYSTEMPATH\Model.php(383): CodeIgniter\Database\BaseBuilder->insert()
 5 SYSTEMPATH\BaseModel.php(840): CodeIgniter\Model->doInsert([...])
 6 SYSTEMPATH\Model.php(791): CodeIgniter\BaseModel->insert([...], true)
 7 APPPATH\Controllers\GameController.php(59): CodeIgniter\Model->insert([...])
 8 SYSTEMPATH\CodeIgniter.php(933): App\Controllers\GameController->store()
 9 SYSTEMPATH\CodeIgniter.php(509): CodeIgniter\CodeIgniter->runController(Object(App\Controllers\GameController))
10 SYSTEMPATH\CodeIgniter.php(355): CodeIgniter\CodeIgniter->handleRequest(null, Object(Config\Cache), false)
11 SYSTEMPATH\Boot.php(312): CodeIgniter\CodeIgniter->run()
12 SYSTEMPATH\Boot.php(67): CodeIgniter\Boot::runCodeIgniter(Object(CodeIgniter\CodeIgniter))
13 FCPATH\index.php(56): CodeIgniter\Boot::bootWeb(Object(Config\Paths))
CRITICAL - 2024-06-15 01:34:42 --> [Caused by] mysqli_sql_exception: You have an error in your SQL syntax; check the manual that corresponds to your MariaDB server version for the right syntax to use near ') VALUES ('smt v vengeance', 'adsad', '3', '1718415282_948ac37673c62da01f07.j...' at line 1
in SYSTEMPATH\Database\MySQLi\Connection.php on line 308.
 1 SYSTEMPATH\Database\MySQLi\Connection.php(308): mysqli->query('INSERT INTO `games` (`title`, `description`, `category_id`, `image`, `created_at`, ) VALUES (\'smt v vengeance\', \'adsad\', \'3\', \'1718415282_948ac37673c62da01f07.jpg\', \'15-Jun-2024 01:34:42\', \'15-Jun-2024 01:34:42\')', 0)
 2 SYSTEMPATH\Database\BaseConnection.php(722): CodeIgniter\Database\MySQLi\Connection->execute('INSERT INTO `games` (`title`, `description`, `category_id`, `image`, `created_at`, ) VALUES (\'smt v vengeance\', \'adsad\', \'3\', \'1718415282_948ac37673c62da01f07.jpg\', \'15-Jun-2024 01:34:42\', \'15-Jun-2024 01:34:42\')')
 3 SYSTEMPATH\Database\BaseConnection.php(636): CodeIgniter\Database\BaseConnection->simpleQuery('INSERT INTO `games` (`title`, `description`, `category_id`, `image`, `created_at`, ) VALUES (\'smt v vengeance\', \'adsad\', \'3\', \'1718415282_948ac37673c62da01f07.jpg\', \'15-Jun-2024 01:34:42\', \'15-Jun-2024 01:34:42\')')
 4 SYSTEMPATH\Database\BaseBuilder.php(2325): CodeIgniter\Database\BaseConnection->query('INSERT INTO `games` (`title`, `description`, `category_id`, `image`, `created_at`, ) VALUES (:title:, :description:, :category_id:, :image:, :created_at:, ::)', [...], false)
 5 SYSTEMPATH\Model.php(383): CodeIgniter\Database\BaseBuilder->insert()
 6 SYSTEMPATH\BaseModel.php(840): CodeIgniter\Model->doInsert([...])
 7 SYSTEMPATH\Model.php(791): CodeIgniter\BaseModel->insert([...], true)
 8 APPPATH\Controllers\GameController.php(59): CodeIgniter\Model->insert([...])
 9 SYSTEMPATH\CodeIgniter.php(933): App\Controllers\GameController->store()
10 SYSTEMPATH\CodeIgniter.php(509): CodeIgniter\CodeIgniter->runController(Object(App\Controllers\GameController))
11 SYSTEMPATH\CodeIgniter.php(355): CodeIgniter\CodeIgniter->handleRequest(null, Object(Config\Cache), false)
12 SYSTEMPATH\Boot.php(312): CodeIgniter\CodeIgniter->run()
13 SYSTEMPATH\Boot.php(67): CodeIgniter\Boot::runCodeIgniter(Object(CodeIgniter\CodeIgniter))
14 FCPATH\index.php(56): CodeIgniter\Boot::bootWeb(Object(Config\Paths))
ERROR - 2024-06-15 01:34:56 --> mysqli_sql_exception: Unknown column 'updated_at' in 'field list' in C:\xampp\htdocs\igniter4\system\Database\MySQLi\Connection.php:308
Stack trace:
#0 C:\xampp\htdocs\igniter4\system\Database\MySQLi\Connection.php(308): mysqli->query('INSERT INTO `ga...', 0)
#1 C:\xampp\htdocs\igniter4\system\Database\BaseConnection.php(722): CodeIgniter\Database\MySQLi\Connection->execute('INSERT INTO `ga...')
#2 C:\xampp\htdocs\igniter4\system\Database\BaseConnection.php(636): CodeIgniter\Database\BaseConnection->simpleQuery('INSERT INTO `ga...')
#3 C:\xampp\htdocs\igniter4\system\Database\BaseBuilder.php(2325): CodeIgniter\Database\BaseConnection->query('INSERT INTO `ga...', Array, false)
#4 C:\xampp\htdocs\igniter4\system\Model.php(383): CodeIgniter\Database\BaseBuilder->insert()
#5 C:\xampp\htdocs\igniter4\system\BaseModel.php(840): CodeIgniter\Model->doInsert(Array)
#6 C:\xampp\htdocs\igniter4\system\Model.php(791): CodeIgniter\BaseModel->insert(Array, true)
#7 C:\xampp\htdocs\igniter4\app\Controllers\GameController.php(59): CodeIgniter\Model->insert(Array)
#8 C:\xampp\htdocs\igniter4\system\CodeIgniter.php(933): App\Controllers\GameController->store()
#9 C:\xampp\htdocs\igniter4\system\CodeIgniter.php(509): CodeIgniter\CodeIgniter->runController(Object(App\Controllers\GameController))
#10 C:\xampp\htdocs\igniter4\system\CodeIgniter.php(355): CodeIgniter\CodeIgniter->handleRequest(NULL, Object(Config\Cache), false)
#11 C:\xampp\htdocs\igniter4\system\Boot.php(312): CodeIgniter\CodeIgniter->run()
#12 C:\xampp\htdocs\igniter4\system\Boot.php(67): CodeIgniter\Boot::runCodeIgniter(Object(CodeIgniter\CodeIgniter))
#13 C:\xampp\htdocs\igniter4\public\index.php(56): CodeIgniter\Boot::bootWeb(Object(Config\Paths))
#14 {main}
CRITICAL - 2024-06-15 01:34:56 --> CodeIgniter\Database\Exceptions\DatabaseException: Unknown column 'updated_at' in 'field list'
[Method: POST, Route: games/store]
in SYSTEMPATH\Database\BaseConnection.php on line 676.
 1 SYSTEMPATH\Database\BaseBuilder.php(2325): CodeIgniter\Database\BaseConnection->query('INSERT INTO `games` (`title`, `description`, `category_id`, `image`, `created_at`, `updated_at`) VALUES (:title:, :description:, :category_id:, :image:, :created_at:, :updated_at:)', [...], false)
 2 SYSTEMPATH\Model.php(383): CodeIgniter\Database\BaseBuilder->insert()
 3 SYSTEMPATH\BaseModel.php(840): CodeIgniter\Model->doInsert([...])
 4 SYSTEMPATH\Model.php(791): CodeIgniter\BaseModel->insert([...], true)
 5 APPPATH\Controllers\GameController.php(59): CodeIgniter\Model->insert([...])
 6 SYSTEMPATH\CodeIgniter.php(933): App\Controllers\GameController->store()
 7 SYSTEMPATH\CodeIgniter.php(509): CodeIgniter\CodeIgniter->runController(Object(App\Controllers\GameController))
 8 SYSTEMPATH\CodeIgniter.php(355): CodeIgniter\CodeIgniter->handleRequest(null, Object(Config\Cache), false)
 9 SYSTEMPATH\Boot.php(312): CodeIgniter\CodeIgniter->run()
10 SYSTEMPATH\Boot.php(67): CodeIgniter\Boot::runCodeIgniter(Object(CodeIgniter\CodeIgniter))
11 FCPATH\index.php(56): CodeIgniter\Boot::bootWeb(Object(Config\Paths))
CRITICAL - 2024-06-15 01:34:56 --> [Caused by] CodeIgniter\Database\Exceptions\DatabaseException: Unknown column 'updated_at' in 'field list'
in SYSTEMPATH\Database\MySQLi\Connection.php on line 313.
 1 SYSTEMPATH\Database\BaseConnection.php(722): CodeIgniter\Database\MySQLi\Connection->execute('INSERT INTO `games` (`title`, `description`, `category_id`, `image`, `created_at`, `updated_at`) VALUES (\'smt v vengeance\', \'adsad\', \'3\', \'1718415296_e6b80b521cbcfe69c0fb.jpg\', \'15-Jun-2024 01:34:56\', \'15-Jun-2024 01:34:56\')')
 2 SYSTEMPATH\Database\BaseConnection.php(636): CodeIgniter\Database\BaseConnection->simpleQuery('INSERT INTO `games` (`title`, `description`, `category_id`, `image`, `created_at`, `updated_at`) VALUES (\'smt v vengeance\', \'adsad\', \'3\', \'1718415296_e6b80b521cbcfe69c0fb.jpg\', \'15-Jun-2024 01:34:56\', \'15-Jun-2024 01:34:56\')')
 3 SYSTEMPATH\Database\BaseBuilder.php(2325): CodeIgniter\Database\BaseConnection->query('INSERT INTO `games` (`title`, `description`, `category_id`, `image`, `created_at`, `updated_at`) VALUES (:title:, :description:, :category_id:, :image:, :created_at:, :updated_at:)', [...], false)
 4 SYSTEMPATH\Model.php(383): CodeIgniter\Database\BaseBuilder->insert()
 5 SYSTEMPATH\BaseModel.php(840): CodeIgniter\Model->doInsert([...])
 6 SYSTEMPATH\Model.php(791): CodeIgniter\BaseModel->insert([...], true)
 7 APPPATH\Controllers\GameController.php(59): CodeIgniter\Model->insert([...])
 8 SYSTEMPATH\CodeIgniter.php(933): App\Controllers\GameController->store()
 9 SYSTEMPATH\CodeIgniter.php(509): CodeIgniter\CodeIgniter->runController(Object(App\Controllers\GameController))
10 SYSTEMPATH\CodeIgniter.php(355): CodeIgniter\CodeIgniter->handleRequest(null, Object(Config\Cache), false)
11 SYSTEMPATH\Boot.php(312): CodeIgniter\CodeIgniter->run()
12 SYSTEMPATH\Boot.php(67): CodeIgniter\Boot::runCodeIgniter(Object(CodeIgniter\CodeIgniter))
13 FCPATH\index.php(56): CodeIgniter\Boot::bootWeb(Object(Config\Paths))
CRITICAL - 2024-06-15 01:34:56 --> [Caused by] mysqli_sql_exception: Unknown column 'updated_at' in 'field list'
in SYSTEMPATH\Database\MySQLi\Connection.php on line 308.
 1 SYSTEMPATH\Database\MySQLi\Connection.php(308): mysqli->query('INSERT INTO `games` (`title`, `description`, `category_id`, `image`, `created_at`, `updated_at`) VALUES (\'smt v vengeance\', \'adsad\', \'3\', \'1718415296_e6b80b521cbcfe69c0fb.jpg\', \'15-Jun-2024 01:34:56\', \'15-Jun-2024 01:34:56\')', 0)
 2 SYSTEMPATH\Database\BaseConnection.php(722): CodeIgniter\Database\MySQLi\Connection->execute('INSERT INTO `games` (`title`, `description`, `category_id`, `image`, `created_at`, `updated_at`) VALUES (\'smt v vengeance\', \'adsad\', \'3\', \'1718415296_e6b80b521cbcfe69c0fb.jpg\', \'15-Jun-2024 01:34:56\', \'15-Jun-2024 01:34:56\')')
 3 SYSTEMPATH\Database\BaseConnection.php(636): CodeIgniter\Database\BaseConnection->simpleQuery('INSERT INTO `games` (`title`, `description`, `category_id`, `image`, `created_at`, `updated_at`) VALUES (\'smt v vengeance\', \'adsad\', \'3\', \'1718415296_e6b80b521cbcfe69c0fb.jpg\', \'15-Jun-2024 01:34:56\', \'15-Jun-2024 01:34:56\')')
 4 SYSTEMPATH\Database\BaseBuilder.php(2325): CodeIgniter\Database\BaseConnection->query('INSERT INTO `games` (`title`, `description`, `category_id`, `image`, `created_at`, `updated_at`) VALUES (:title:, :description:, :category_id:, :image:, :created_at:, :updated_at:)', [...], false)
 5 SYSTEMPATH\Model.php(383): CodeIgniter\Database\BaseBuilder->insert()
 6 SYSTEMPATH\BaseModel.php(840): CodeIgniter\Model->doInsert([...])
 7 SYSTEMPATH\Model.php(791): CodeIgniter\BaseModel->insert([...], true)
 8 APPPATH\Controllers\GameController.php(59): CodeIgniter\Model->insert([...])
 9 SYSTEMPATH\CodeIgniter.php(933): App\Controllers\GameController->store()
10 SYSTEMPATH\CodeIgniter.php(509): CodeIgniter\CodeIgniter->runController(Object(App\Controllers\GameController))
11 SYSTEMPATH\CodeIgniter.php(355): CodeIgniter\CodeIgniter->handleRequest(null, Object(Config\Cache), false)
12 SYSTEMPATH\Boot.php(312): CodeIgniter\CodeIgniter->run()
13 SYSTEMPATH\Boot.php(67): CodeIgniter\Boot::runCodeIgniter(Object(CodeIgniter\CodeIgniter))
14 FCPATH\index.php(56): CodeIgniter\Boot::bootWeb(Object(Config\Paths))
